<component name="libraryTable">
  <library name="junit.platform.commons" type="repository">
    <properties maven-id="org.junit.platform:junit-platform-commons:1.10.2" />
    <CLASSES>
      <root url="jar://$USER_HOME$/.m2/repository/org/junit/platform/junit-platform-commons/1.10.2/junit-platform-commons-1.10.2.jar!/" />
      <root url="jar://$USER_HOME$/.m2/repository/org/apiguardian/apiguardian-api/1.1.2/apiguardian-api-1.1.2.jar!/" />
    </CLASSES>
    <JAVADOC />
    <SOURCES />
  </library>
</component>