<component name="libraryTable">
  <library name="junit.jupiter.engine" type="repository">
    <properties maven-id="org.junit.jupiter:junit-jupiter-engine:5.10.2" />
    <CLASSES>
      <root url="jar://$USER_HOME$/.m2/repository/org/junit/jupiter/junit-jupiter-engine/5.10.2/junit-jupiter-engine-5.10.2.jar!/" />
      <root url="jar://$USER_HOME$/.m2/repository/org/junit/platform/junit-platform-engine/1.10.2/junit-platform-engine-1.10.2.jar!/" />
      <root url="jar://$USER_HOME$/.m2/repository/org/opentest4j/opentest4j/1.3.0/opentest4j-1.3.0.jar!/" />
      <root url="jar://$USER_HOME$/.m2/repository/org/junit/platform/junit-platform-commons/1.10.2/junit-platform-commons-1.10.2.jar!/" />
      <root url="jar://$USER_HOME$/.m2/repository/org/junit/jupiter/junit-jupiter-api/5.10.2/junit-jupiter-api-5.10.2.jar!/" />
      <root url="jar://$USER_HOME$/.m2/repository/org/apiguardian/apiguardian-api/1.1.2/apiguardian-api-1.1.2.jar!/" />
    </CLASSES>
    <JAVADOC />
    <SOURCES />
  </library>
</component>